Clf_training - INFO - Cluster job ID: 777
Clf_training - INFO - Cluster sub job ID: 1
Clf_training - INFO - Training environment: cluster
Clf_training - INFO - Classifier selected: rf
Clf_training - INFO - Data source selected for training: local
Clf_training - INFO - Dataset set is reading...
Clf_training - INFO - Dataset shape classification: (48900, 52)
Clf_training - INFO - Dataset shape regression: (37093, 52)
Clf_training - INFO - Onehot encoded feature names: ['x0_bmc' 'x0_predicate' 'x0_value' 'x0_valueBdd' 'x0_valuePredicate'
 'x1_lbe' 'x1_notApply' 'x1_notset' 'x1_sbe' 'x2_no' 'x2_yes'
 'x3_BamRefiner' 'x3_notApply' 'x3_notset' 'x3_predicateRefiner'
 'x3_sliceRefiner' 'x3_valueDelegateRefiner' 'x3_valueRefiner'
 'x4_notApply' 'x4_notset' 'x4_yes' 'x5_bool' 'x5_intAdd' 'x5_notApply'
 'x5_notset' 'x6_bdd' 'x6_formula' 'x6_notApply' 'x7_1' 'x7_10' 'x7_20'
 'x7_5' 'x7_notApply' 'x8_df' 'x8_ki' 'x8_notApply' 'x8_notset']
Clf_training - INFO - Shape of the onehotcoded data: (48900, 37)
Clf_training - INFO - Shape of the program feature data: (48900, 42)
Clf_training - INFO - Feature names after onehotencoding: ['SYNT_CONST', 'CONST_ASSIGN', 'COUNTER', 'PURE_COUNTER', 'LINEAR', 'PURE_LINEAR', 'BOOL', 'PURE_BOOLEAN', 'COMPARED_TO_CONST', 'MODE', 'LOOP_IT', 'LOOP_BOUND', 'ARRAY_INDEX', 'OFFSET', 'ARRAY_SIZE', 'INPUT', 'BRANCH_COND', 'BITVECTOR', 'UNRES_DATA', 'SCALAR_INT', 'SCALAR_FLOAT', 'SCALAR', 'PTR', 'PTR_SCALAR', 'PTR_STRUCT', 'PTR_STRUCT_PTR', 'PTR_STRUCT_REC', 'PTR_COMPL_STRUCT_REC', 'HEAP_PTR', 'USED_IN_ARITHM', 'EXTERNAL_VAR', 'RECURSIVE_FUNC', 'STRUCT_FIELD', 'bounded', 'terminating', 'simple', 'tnont', 'hard', 'fpcalls', 'fpargs', 'cfgblocks', 'maxindeg', 'x0_bmc', 'x0_predicate', 'x0_value', 'x0_valueBdd', 'x0_valuePredicate', 'x1_lbe', 'x1_notApply', 'x1_notset', 'x1_sbe', 'x2_no', 'x2_yes', 'x3_BamRefiner', 'x3_notApply', 'x3_notset', 'x3_predicateRefiner', 'x3_sliceRefiner', 'x3_valueDelegateRefiner', 'x3_valueRefiner', 'x4_notApply', 'x4_notset', 'x4_yes', 'x5_bool', 'x5_intAdd', 'x5_notApply', 'x5_notset', 'x6_bdd', 'x6_formula', 'x6_notApply', 'x7_1', 'x7_10', 'x7_20', 'x7_5', 'x7_notApply', 'x8_df', 'x8_ki', 'x8_notApply', 'x8_notset']
Clf_training - INFO - Shape of the final processed data: (48900, 79)
Clf_training - INFO - Encoded classes are : ['CORRECT' 'ERROR' 'EXCEPTION' 'INCORRECT' 'TIMEOUT' 'unknown']
Clf_training - INFO - Inner cross validation number of folds: 3
Clf_training - INFO - estimator is : RandomForestClassifier(bootstrap=True, class_weight='balanced',
            criterion='gini', max_depth=None, max_features='auto',
            max_leaf_nodes=None, min_impurity_decrease=0.0,
            min_impurity_split=None, min_samples_leaf=1,
            min_samples_split=2, min_weight_fraction_leaf=0.0,
            n_estimators='warn', n_jobs=None, oob_score=False,
            random_state=None, verbose=0, warm_start=False)
Clf_training - INFO - Tunning parameters are: {'n_estimators': [500, 100], 'max_features': ['auto'], 'max_depth': [10], 'min_samples_split': [2], 'min_samples_leaf': [1], 'bootstrap': [True]}
Clf_training - INFO - Started Skopt CV at: 2019-02-25 17:34:12.501744
Clf_training - ERROR - Failed in cluster training: the lower bound 500 has to be less than the upper bound 100
