Clf_training - INFO - Cluster job ID: 999
Clf_training - INFO - Cluster sub job ID: 1
Clf_training - INFO - Training environment: cluster
Clf_training - INFO - Classifier selected: rf
Clf_training - INFO - Data source selected for training: local
Clf_training - INFO - Dataset set is reading...
Clf_training - INFO - Dataset shape classification: (48900, 52)
Clf_training - INFO - Dataset shape regression: (37093, 52)
Clf_training - INFO - Onehot encoded feature names: ['x0_bmc' 'x0_predicate' 'x0_value' 'x0_valueBdd' 'x0_valuePredicate'
 'x1_lbe' 'x1_notApply' 'x1_notset' 'x1_sbe' 'x2_no' 'x2_yes'
 'x3_BamRefiner' 'x3_notApply' 'x3_notset' 'x3_predicateRefiner'
 'x3_sliceRefiner' 'x3_valueDelegateRefiner' 'x3_valueRefiner'
 'x4_notApply' 'x4_notset' 'x4_yes' 'x5_bool' 'x5_intAdd' 'x5_notApply'
 'x5_notset' 'x6_bdd' 'x6_formula' 'x6_notApply' 'x7_1' 'x7_10' 'x7_20'
 'x7_5' 'x7_notApply' 'x8_df' 'x8_ki' 'x8_notApply' 'x8_notset']
Clf_training - INFO - Shape of the onehotcoded data: (48900, 37)
Clf_training - INFO - Shape of the program feature data: (48900, 42)
Clf_training - INFO - Feature names after onehotencoding: ['SYNT_CONST', 'CONST_ASSIGN', 'COUNTER', 'PURE_COUNTER', 'LINEAR', 'PURE_LINEAR', 'BOOL', 'PURE_BOOLEAN', 'COMPARED_TO_CONST', 'MODE', 'LOOP_IT', 'LOOP_BOUND', 'ARRAY_INDEX', 'OFFSET', 'ARRAY_SIZE', 'INPUT', 'BRANCH_COND', 'BITVECTOR', 'UNRES_DATA', 'SCALAR_INT', 'SCALAR_FLOAT', 'SCALAR', 'PTR', 'PTR_SCALAR', 'PTR_STRUCT', 'PTR_STRUCT_PTR', 'PTR_STRUCT_REC', 'PTR_COMPL_STRUCT_REC', 'HEAP_PTR', 'USED_IN_ARITHM', 'EXTERNAL_VAR', 'RECURSIVE_FUNC', 'STRUCT_FIELD', 'bounded', 'terminating', 'simple', 'tnont', 'hard', 'fpcalls', 'fpargs', 'cfgblocks', 'maxindeg', 'x0_bmc', 'x0_predicate', 'x0_value', 'x0_valueBdd', 'x0_valuePredicate', 'x1_lbe', 'x1_notApply', 'x1_notset', 'x1_sbe', 'x2_no', 'x2_yes', 'x3_BamRefiner', 'x3_notApply', 'x3_notset', 'x3_predicateRefiner', 'x3_sliceRefiner', 'x3_valueDelegateRefiner', 'x3_valueRefiner', 'x4_notApply', 'x4_notset', 'x4_yes', 'x5_bool', 'x5_intAdd', 'x5_notApply', 'x5_notset', 'x6_bdd', 'x6_formula', 'x6_notApply', 'x7_1', 'x7_10', 'x7_20', 'x7_5', 'x7_notApply', 'x8_df', 'x8_ki', 'x8_notApply', 'x8_notset']
Clf_training - INFO - Shape of the final processed data: (48900, 79)
Clf_training - INFO - Encoded classes are : ['CORRECT' 'ERROR' 'EXCEPTION' 'INCORRECT' 'TIMEOUT' 'unknown']
Clf_training - INFO - Inner cross validation number of folds: 2
Clf_training - INFO - estimator is : RandomForestClassifier(bootstrap=True, class_weight='balanced',
            criterion='gini', max_depth=None, max_features='auto',
            max_leaf_nodes=None, min_impurity_decrease=0.0,
            min_impurity_split=None, min_samples_leaf=1,
            min_samples_split=2, min_weight_fraction_leaf=0.0,
            n_estimators='warn', n_jobs=None, oob_score=False,
            random_state=None, verbose=0, warm_start=False)
Clf_training - INFO - Tunning parameters are: {'n_estimators': [100, 200], 'max_features': ['sqrt'], 'max_depth': [10], 'min_samples_split': [2], 'min_samples_leaf': [1], 'bootstrap': [True]}
Clf_training - INFO - Started Skopt CV at: 2019-02-28 10:32:34.927351
Clf_training - INFO - Ended Skopt CV at: 2019-02-28 10:39:48.674198
Clf_training - INFO - Total time for parameter search: 0:07:13.746847
Clf_training - INFO - Grid  models metrics file : <_io.TextIOWrapper name='../../results/grid_metric_999_1.txt' mode='w+' encoding='cp1252'>
Clf_training - INFO - Writing to: <_io.TextIOWrapper name='../../results/grid_metric_999_1.txt' mode='w+' encoding='cp1252'>
Clf_training - INFO - Writing completed
Clf_training - INFO - Best parameters: {'bootstrap': True, 'max_depth': 10, 'max_features': 'sqrt', 'min_samples_leaf': 1, 'min_samples_split': 2, 'n_estimators': 124}
Clf_training - INFO - Best estimator: RandomForestClassifier(bootstrap=True, class_weight='balanced',
            criterion='gini', max_depth=10, max_features='sqrt',
            max_leaf_nodes=None, min_impurity_decrease=0.0,
            min_impurity_split=None, min_samples_leaf=1,
            min_samples_split=2, min_weight_fraction_leaf=0.0,
            n_estimators=124, n_jobs=None, oob_score=False,
            random_state=None, verbose=0, warm_start=False)
Clf_training - INFO - Best score in the grid: 0.7841854124062713
Clf_training - INFO - Test score: 0.7715337423312884
Clf_training - INFO - Important features: [0.00599501 0.01253299 0.01947631 0.01472561 0.02070796 0.01560687
 0.01055279 0.00901896 0.00730388 0.00552311 0.00782003 0.00437881
 0.02197849 0.00395289 0.05212393 0.02833358 0.01428098 0.00219526
 0.02373568 0.01785196 0.00703734 0.008825   0.01334122 0.02011006
 0.01434836 0.0152826  0.01451042 0.01157833 0.02719345 0.01115854
 0.01040097 0.00687657 0.0096411  0.00506376 0.00588874 0.00722186
 0.00193919 0.0081135  0.00311422 0.00596924 0.0127843  0.01709432
 0.00579086 0.01107159 0.0116205  0.00507038 0.00183795 0.00390583
 0.00913421 0.00730133 0.0050413  0.02841005 0.02784249 0.05208502
 0.00689455 0.03355904 0.0077174  0.00806556 0.00157335 0.0012514
 0.05512374 0.01276313 0.02442923 0.00247097 0.00457616 0.01269398
 0.00690479 0.0057538  0.00934667 0.01548096 0.00219586 0.00065347
 0.00118722 0.00067236 0.00841069 0.00684145 0.00615426 0.00792593
 0.05265433]
