Clf_training - INFO - Cluster job ID: 999
Clf_training - INFO - Cluster sub job ID: 5
Clf_training - INFO - Training environment: cluster
Clf_training - INFO - Classifier selected: rf
Clf_training - INFO - Data source selected for training: local
Clf_training - INFO - Dataset set is reading...
Clf_training - INFO - Dataset shape classification: (48900, 52)
Clf_training - INFO - Dataset shape regression: (37093, 52)
Clf_training - INFO - Onehot encoded feature names: ['x0_bmc' 'x0_predicate' 'x0_value' 'x0_valueBdd' 'x0_valuePredicate'
 'x1_lbe' 'x1_notApply' 'x1_notset' 'x1_sbe' 'x2_no' 'x2_yes'
 'x3_BamRefiner' 'x3_notApply' 'x3_notset' 'x3_predicateRefiner'
 'x3_sliceRefiner' 'x3_valueDelegateRefiner' 'x3_valueRefiner'
 'x4_notApply' 'x4_notset' 'x4_yes' 'x5_bool' 'x5_intAdd' 'x5_notApply'
 'x5_notset' 'x6_bdd' 'x6_formula' 'x6_notApply' 'x7_1' 'x7_10' 'x7_20'
 'x7_5' 'x7_notApply' 'x8_df' 'x8_ki' 'x8_notApply' 'x8_notset']
Clf_training - INFO - Shape of the onehotcoded data: (48900, 37)
Clf_training - INFO - Shape of the program feature data: (48900, 42)
Clf_training - INFO - Feature names after onehotencoding: ['SYNT_CONST', 'CONST_ASSIGN', 'COUNTER', 'PURE_COUNTER', 'LINEAR', 'PURE_LINEAR', 'BOOL', 'PURE_BOOLEAN', 'COMPARED_TO_CONST', 'MODE', 'LOOP_IT', 'LOOP_BOUND', 'ARRAY_INDEX', 'OFFSET', 'ARRAY_SIZE', 'INPUT', 'BRANCH_COND', 'BITVECTOR', 'UNRES_DATA', 'SCALAR_INT', 'SCALAR_FLOAT', 'SCALAR', 'PTR', 'PTR_SCALAR', 'PTR_STRUCT', 'PTR_STRUCT_PTR', 'PTR_STRUCT_REC', 'PTR_COMPL_STRUCT_REC', 'HEAP_PTR', 'USED_IN_ARITHM', 'EXTERNAL_VAR', 'RECURSIVE_FUNC', 'STRUCT_FIELD', 'bounded', 'terminating', 'simple', 'tnont', 'hard', 'fpcalls', 'fpargs', 'cfgblocks', 'maxindeg', 'x0_bmc', 'x0_predicate', 'x0_value', 'x0_valueBdd', 'x0_valuePredicate', 'x1_lbe', 'x1_notApply', 'x1_notset', 'x1_sbe', 'x2_no', 'x2_yes', 'x3_BamRefiner', 'x3_notApply', 'x3_notset', 'x3_predicateRefiner', 'x3_sliceRefiner', 'x3_valueDelegateRefiner', 'x3_valueRefiner', 'x4_notApply', 'x4_notset', 'x4_yes', 'x5_bool', 'x5_intAdd', 'x5_notApply', 'x5_notset', 'x6_bdd', 'x6_formula', 'x6_notApply', 'x7_1', 'x7_10', 'x7_20', 'x7_5', 'x7_notApply', 'x8_df', 'x8_ki', 'x8_notApply', 'x8_notset']
Clf_training - INFO - Shape of the final processed data: (48900, 79)
Clf_training - INFO - Encoded classes are : ['CORRECT' 'ERROR' 'EXCEPTION' 'INCORRECT' 'TIMEOUT' 'unknown']
Clf_training - INFO - Inner cross validation number of folds: 3
Clf_training - INFO - estimator is : RandomForestClassifier(bootstrap=True, class_weight='balanced',
            criterion='gini', max_depth=None, max_features='auto',
            max_leaf_nodes=None, min_impurity_decrease=0.0,
            min_impurity_split=None, min_samples_leaf=1,
            min_samples_split=2, min_weight_fraction_leaf=0.0,
            n_estimators='warn', n_jobs=None, oob_score=False,
            random_state=0, verbose=0, warm_start=False)
Clf_training - INFO - Tunning parameters are: {'n_estimators': [100, 200], 'max_features': [4], 'max_depth': [10], 'min_samples_split': [2], 'min_samples_leaf': [1], 'bootstrap': [True]}
Clf_training - INFO - Started Skopt CV at: 2019-03-01 09:55:33.351529
Clf_training - INFO - Ended Skopt CV at: 2019-03-01 10:05:08.326654
Clf_training - INFO - Total time for parameter search: 0:09:34.975125
Clf_training - INFO - Grid  models metrics file : <_io.TextIOWrapper name='../../results/grid_metric_999_5.txt' mode='w+' encoding='cp1252'>
Clf_training - INFO - Writing to: <_io.TextIOWrapper name='../../results/grid_metric_999_5.txt' mode='w+' encoding='cp1252'>
Clf_training - INFO - Writing completed
Clf_training - INFO - Best parameters: {'bootstrap': True, 'max_depth': 10, 'max_features': 4, 'min_samples_leaf': 1, 'min_samples_split': 2, 'n_estimators': 194}
Clf_training - INFO - Best estimator: RandomForestClassifier(bootstrap=True, class_weight='balanced',
            criterion='gini', max_depth=10, max_features=4,
            max_leaf_nodes=None, min_impurity_decrease=0.0,
            min_impurity_split=None, min_samples_leaf=1,
            min_samples_split=2, min_weight_fraction_leaf=0.0,
            n_estimators=194, n_jobs=None, oob_score=False, random_state=0,
            verbose=0, warm_start=False)
Clf_training - INFO - Best score in the grid: 0.7667620995228357
Clf_training - INFO - Test score: 0.7665439672801636
Clf_training - INFO - Important features: [0.00696945 0.0152614  0.01802012 0.01712668 0.02172623 0.01845945
 0.01323381 0.01143239 0.00748032 0.00564135 0.0093313  0.00509884
 0.01992148 0.00599433 0.03648555 0.02899687 0.014447   0.00387448
 0.02483166 0.02118526 0.00880194 0.01105582 0.01561056 0.02148954
 0.01314139 0.0147051  0.01520026 0.01019342 0.03140483 0.01203554
 0.00882226 0.00607966 0.0105112  0.00694588 0.00777957 0.00827056
 0.00323672 0.01043233 0.00694835 0.00657553 0.01321037 0.01502
 0.00931853 0.01094681 0.00857926 0.00460913 0.00273633 0.00532045
 0.01097902 0.00827392 0.00564092 0.01725169 0.02201598 0.04799424
 0.01044037 0.03266708 0.00886393 0.00533461 0.00282518 0.00234627
 0.05383267 0.01528868 0.02745934 0.00255726 0.00405192 0.01191803
 0.00943354 0.00396474 0.00840131 0.01030351 0.00321788 0.0007284
 0.00132909 0.00134722 0.00807899 0.0058573  0.00722889 0.00894766
 0.03692105]
Clf_training - INFO - Writing result to csv file done
Clf_training - INFO - Saving trained model
Clf_training - INFO - Saved model: reg_rf_999_5.joblib
Clf_training - INFO - Done
