Reg_training - INFO - Cluster job ID: 888
Reg_training - INFO - Cluster sub job ID: 1
Reg_training - INFO - Training environment: cluster
Reg_training - INFO - Regressor selected: rf
Reg_training - INFO - Data source selected for training: local
Reg_training - INFO - Dataset set is reading...
Reg_training - INFO - Dataset shape classification: (48900, 52)
Reg_training - INFO - Dataset shape regression: (37093, 52)
Reg_training - INFO - Onehot encoded feature names: ['x0_bmc' 'x0_predicate' 'x0_value' 'x0_valueBdd' 'x0_valuePredicate'
 'x1_lbe' 'x1_notApply' 'x1_notset' 'x1_sbe' 'x2_no' 'x2_yes'
 'x3_BamRefiner' 'x3_notApply' 'x3_notset' 'x3_predicateRefiner'
 'x3_sliceRefiner' 'x3_valueDelegateRefiner' 'x3_valueRefiner'
 'x4_notApply' 'x4_notset' 'x4_yes' 'x5_bool' 'x5_intAdd' 'x5_notApply'
 'x5_notset' 'x6_bdd' 'x6_formula' 'x6_notApply' 'x7_1' 'x7_10' 'x7_20'
 'x7_5' 'x7_notApply' 'x8_df' 'x8_ki' 'x8_notApply' 'x8_notset']
Reg_training - INFO - Shape of the onehotcoded data: (37093, 37)
Reg_training - INFO - Shape of the program feature data: (37093, 42)
Reg_training - INFO - Feature names after onehotencoding: ['SYNT_CONST', 'CONST_ASSIGN', 'COUNTER', 'PURE_COUNTER', 'LINEAR', 'PURE_LINEAR', 'BOOL', 'PURE_BOOLEAN', 'COMPARED_TO_CONST', 'MODE', 'LOOP_IT', 'LOOP_BOUND', 'ARRAY_INDEX', 'OFFSET', 'ARRAY_SIZE', 'INPUT', 'BRANCH_COND', 'BITVECTOR', 'UNRES_DATA', 'SCALAR_INT', 'SCALAR_FLOAT', 'SCALAR', 'PTR', 'PTR_SCALAR', 'PTR_STRUCT', 'PTR_STRUCT_PTR', 'PTR_STRUCT_REC', 'PTR_COMPL_STRUCT_REC', 'HEAP_PTR', 'USED_IN_ARITHM', 'EXTERNAL_VAR', 'RECURSIVE_FUNC', 'STRUCT_FIELD', 'bounded', 'terminating', 'simple', 'tnont', 'hard', 'fpcalls', 'fpargs', 'cfgblocks', 'maxindeg', 'x0_bmc', 'x0_predicate', 'x0_value', 'x0_valueBdd', 'x0_valuePredicate', 'x1_lbe', 'x1_notApply', 'x1_notset', 'x1_sbe', 'x2_no', 'x2_yes', 'x3_BamRefiner', 'x3_notApply', 'x3_notset', 'x3_predicateRefiner', 'x3_sliceRefiner', 'x3_valueDelegateRefiner', 'x3_valueRefiner', 'x4_notApply', 'x4_notset', 'x4_yes', 'x5_bool', 'x5_intAdd', 'x5_notApply', 'x5_notset', 'x6_bdd', 'x6_formula', 'x6_notApply', 'x7_1', 'x7_10', 'x7_20', 'x7_5', 'x7_notApply', 'x8_df', 'x8_ki', 'x8_notApply', 'x8_notset']
Reg_training - INFO - Shape of the final processed data: (37093, 79)
Reg_training - INFO - Inner cross validation number of folds: 3
Reg_training - INFO - estimator is : RandomForestRegressor(bootstrap=True, criterion='mse', max_depth=None,
           max_features='auto', max_leaf_nodes=None,
           min_impurity_decrease=0.0, min_impurity_split=None,
           min_samples_leaf=1, min_samples_split=2,
           min_weight_fraction_leaf=0.0, n_estimators='warn', n_jobs=None,
           oob_score=False, random_state=None, verbose=0, warm_start=False)
Reg_training - INFO - Tunning parameters are: {'n_estimators': [200, 400], 'max_features': ['auto', 'sqrt'], 'max_depth': [10, 20], 'min_samples_split': [2, 5], 'min_samples_leaf': [1, 2]}
Reg_training - INFO - Started Skopt CV at: 2019-02-23 11:34:45.386525
Reg_training - INFO - Ended Skopt CV at: 2019-02-23 13:56:23.419309
Reg_training - INFO - Total time for parameter search: 2:21:38.032784
Reg_training - INFO - Grid  models metrics file : <_io.TextIOWrapper name='../../results/grid_metric_888_1.txt' mode='w+' encoding='cp1252'>
Reg_training - INFO - Writing to: <_io.TextIOWrapper name='../../results/grid_metric_888_1.txt' mode='w+' encoding='cp1252'>
Reg_training - INFO - Writing completed
Reg_training - INFO - Best parameters: {'max_depth': 20, 'max_features': 'auto', 'min_samples_leaf': 1, 'min_samples_split': 2, 'n_estimators': 390}
Reg_training - INFO - Best estimator: RandomForestRegressor(bootstrap=True, criterion='mse', max_depth=20,
           max_features='auto', max_leaf_nodes=None,
           min_impurity_decrease=0.0, min_impurity_split=None,
           min_samples_leaf=1, min_samples_split=2,
           min_weight_fraction_leaf=0.0, n_estimators=390, n_jobs=None,
           oob_score=False, random_state=None, verbose=0, warm_start=False)
Reg_training - INFO - Best score in the grid: 0.8417191416379471
Reg_training - INFO - Test score: 0.8670789266660378
Reg_training - INFO - Important features: [1.00219764e-02 1.65810089e-02 6.32035657e-03 1.16958116e-02
 6.59245139e-03 1.10481299e-02 9.94631580e-03 1.06650889e-02
 2.09250812e-02 4.09642344e-03 6.64729937e-03 3.31918810e-03
 1.06546243e-02 3.87104570e-04 1.04637862e-03 7.65265214e-03
 2.19165415e-02 1.66465029e-03 1.29376451e-02 1.21830543e-02
 1.08490129e-03 1.20356585e-03 1.27734744e-02 5.01246564e-03
 4.87208135e-03 2.77070231e-03 2.97167266e-02 3.98548211e-03
 3.24567595e-03 1.36865758e-02 1.73115632e-02 2.70068284e-05
 3.68754325e-03 5.97996493e-03 6.51903557e-03 3.85122708e-03
 6.01535089e-04 6.46956379e-03 2.48651121e-03 2.94642096e-03
 1.61352485e-02 2.93492524e-01 1.06010450e-02 5.61364730e-03
 3.31716244e-03 3.20785757e-03 3.35688868e-03 1.19003976e-02
 6.15372638e-03 9.40354603e-03 1.05840164e-02 9.46093890e-03
 9.74948869e-03 1.68354987e-02 1.02629600e-02 1.60179936e-02
 2.09453429e-02 7.31427992e-03 3.33049489e-03 5.54023172e-03
 1.97149594e-02 1.27674349e-02 2.16397699e-02 7.26742121e-03
 1.59865582e-02 4.53030341e-03 6.04481507e-03 1.17487248e-02
 9.54936153e-03 6.55957509e-03 1.18421156e-02 3.52796865e-03
 5.40214604e-03 4.82565759e-03 1.31361104e-02 7.85449555e-03
 7.32534496e-03 1.34088190e-02 2.91113240e-02]
